<?xml version="1.0" encoding="UTF-8"?>
<!-- Generated by org.testng.reporters.JUnitXMLReporter -->
<testsuite ignored="0" hostname="Ganyas-MBP.attlocal.net" failures="1" tests="2" name="chromeTest" time="17.922" errors="0" timestamp="2023-06-10T12:47:10 PDT">
  <testcase classname="com.automation.tests.AutomaticScripts" name="error_login_firebase" time="11.5"/>
  <testcase classname="com.automation.tests.AutomaticScripts" name="login_to_firebase_test_script" time="0.025">
    <failure type="java.lang.AssertionError" message="expected [Selenium] but found [Login | Salesforce]">
      <![CDATA[java.lang.AssertionError: expected [Selenium] but found [Login | Salesforce]
at com.automation.tests.AutomaticScripts.login_to_firebase_test_script(AutomaticScripts.java:38)
at java.base/java.util.ArrayList.forEach(ArrayList.java:1511)
... Removed 33 stack frames]]>
    </failure>
  </testcase> <!-- login_to_firebase_test_script -->
</testsuite> <!-- chromeTest -->
